C51 COMPILER V9.53.0.0   DC_MOTOR                                                          12/29/2018 11:02:31 PAGE 1   


C51 COMPILER V9.53.0.0, COMPILATION OF MODULE DC_MOTOR
OBJECT MODULE PLACED IN DC-MOTOR.OBJ
COMPILER INVOKED BY: C:\Keil_v5\C51\BIN\C51.EXE DC-MOTOR.c OPTIMIZE(8,SPEED) BROWSE DEBUG OBJECTEXTEND TABS(2)

line level    source

   1          #include<reg51.h>
   2          
   3          void main()
   4          {
   5   1        P2=0xFF;
   6   1        while(1)
   7   1        {
   8   2          P2=0x01;
   9   2        }
  10   1      }


MODULE INFORMATION:   STATIC OVERLAYABLE
   CODE SIZE        =      8    ----
   CONSTANT SIZE    =   ----    ----
   XDATA SIZE       =   ----    ----
   PDATA SIZE       =   ----    ----
   DATA SIZE        =   ----    ----
   IDATA SIZE       =   ----    ----
   BIT SIZE         =   ----    ----
END OF MODULE INFORMATION.


C51 COMPILATION COMPLETE.  0 WARNING(S),  0 ERROR(S)
